make --dry-run --always-make --keep-going --print-directory
make: Entering directory `/Users/joe/Projects/aoc-code'
mkdir -p out
/bin/echo -n "haskell_2018_01: "
/usr/bin/time -p stack run aoc_2018_01 < ../aoc-data/input/2018_01.txt > out/haskell_2018_01.txt 2> out/haskell_time_2018_01.txt
grep real out/haskell_time_2018_01.txt | cut -c 14-
 
diff out/haskell_2018_01.txt ../aoc-data/good/2018_01.txt
/bin/echo -n "haskell_2018_02: "
/usr/bin/time -p stack run aoc_2018_02 < ../aoc-data/input/2018_02.txt > out/haskell_2018_02.txt 2> out/haskell_time_2018_02.txt
grep real out/haskell_time_2018_02.txt | cut -c 14-
diff out/haskell_2018_02.txt ../aoc-data/good/2018_02.txt
/bin/echo -n "haskell_2018_03: "
/usr/bin/time -p stack run aoc_2018_03 < ../aoc-data/input/2018_03.txt > out/haskell_2018_03.txt 2> out/haskell_time_2018_03.txt
grep real out/haskell_time_2018_03.txt | cut -c 14-
diff out/haskell_2018_03.txt ../aoc-data/good/2018_03.txt
/bin/echo -n "haskell_2018_04: "
/usr/bin/time -p stack run aoc_2018_04 < ../aoc-data/input/2018_04.txt > out/haskell_2018_04.txt 2> out/haskell_time_2018_04.txt
grep real out/haskell_time_2018_04.txt | cut -c 14-
diff out/haskell_2018_04.txt ../aoc-data/good/2018_04.txt
/bin/echo -n "haskell_2018_05: "
/usr/bin/time -p stack run aoc_2018_05 < ../aoc-data/input/2018_05.txt > out/haskell_2018_05.txt 2> out/haskell_time_2018_05.txt
grep real out/haskell_time_2018_05.txt | cut -c 14-
diff out/haskell_2018_05.txt ../aoc-data/good/2018_05.txt
/bin/echo -n "haskell_2018_06: "
/usr/bin/time -p stack run aoc_2018_06 < ../aoc-data/input/2018_06.txt > out/haskell_2018_06.txt 2> out/haskell_time_2018_06.txt
grep real out/haskell_time_2018_06.txt | cut -c 14-
diff out/haskell_2018_06.txt ../aoc-data/good/2018_06.txt
/bin/echo -n "haskell_2018_07: "
/usr/bin/time -p stack run aoc_2018_07 < ../aoc-data/input/2018_07.txt > out/haskell_2018_07.txt 2> out/haskell_time_2018_07.txt
grep real out/haskell_time_2018_07.txt | cut -c 14-
diff out/haskell_2018_07.txt ../aoc-data/good/2018_07.txt
/bin/echo -n "haskell_2018_08: "
/usr/bin/time -p stack run aoc_2018_08 < ../aoc-data/input/2018_08.txt > out/haskell_2018_08.txt 2> out/haskell_time_2018_08.txt
grep real out/haskell_time_2018_08.txt | cut -c 14-
diff out/haskell_2018_08.txt ../aoc-data/good/2018_08.txt
/bin/echo -n "haskell_2018_09: "
/usr/bin/time -p stack run aoc_2018_09 < ../aoc-data/input/2018_09.txt > out/haskell_2018_09.txt 2> out/haskell_time_2018_09.txt
grep real out/haskell_time_2018_09.txt | cut -c 14-
diff out/haskell_2018_09.txt ../aoc-data/good/2018_09.txt
/bin/echo -n "haskell_2018_10: "
/usr/bin/time -p stack run aoc_2018_10 < ../aoc-data/input/2018_10.txt > out/haskell_2018_10.txt 2> out/haskell_time_2018_10.txt
grep real out/haskell_time_2018_10.txt | cut -c 14-
diff out/haskell_2018_10.txt ../aoc-data/good/2018_10.txt
/bin/echo -n "haskell_2018_11: "
/usr/bin/time -p stack run aoc_2018_11 < ../aoc-data/input/2018_11.txt > out/haskell_2018_11.txt 2> out/haskell_time_2018_11.txt
grep real out/haskell_time_2018_11.txt | cut -c 14-
diff out/haskell_2018_11.txt ../aoc-data/good/2018_11.txt
/bin/echo -n "haskell_2018_13: "
/usr/bin/time -p stack run aoc_2018_13 < ../aoc-data/input/2018_13.txt > out/haskell_2018_13.txt 2> out/haskell_time_2018_13.txt
grep real out/haskell_time_2018_13.txt | cut -c 14-
diff out/haskell_2018_13.txt ../aoc-data/good/2018_13.txt
 
/bin/echo -n "haskell_2018_14: "
/usr/bin/time -p stack run aoc_2018_14 < ../aoc-data/input/2018_14.txt > out/haskell_2018_14.txt 2> out/haskell_time_2018_14.txt
grep real out/haskell_time_2018_14.txt | cut -c 14-
diff out/haskell_2018_14.txt ../aoc-data/good/2018_14.txt
/bin/echo -n "haskell_2018_15: "
/usr/bin/time -p stack run aoc_2018_15 < ../aoc-data/input/2018_15.txt > out/haskell_2018_15.txt 2> out/haskell_time_2018_15.txt
grep real out/haskell_time_2018_15.txt | cut -c 14-
diff out/haskell_2018_15.txt ../aoc-data/good/2018_15.txt
/bin/echo -n "haskell_2018_16: "
/usr/bin/time -p stack run aoc_2018_16 < ../aoc-data/input/2018_16.txt > out/haskell_2018_16.txt 2> out/haskell_time_2018_16.txt
grep real out/haskell_time_2018_16.txt | cut -c 14-
diff out/haskell_2018_16.txt ../aoc-data/good/2018_16.txt
/bin/echo -n "haskell_2018_17: "
/usr/bin/time -p stack run aoc_2018_17 < ../aoc-data/input/2018_17.txt > out/haskell_2018_17.txt 2> out/haskell_time_2018_17.txt
grep real out/haskell_time_2018_17.txt | cut -c 14-
diff out/haskell_2018_17.txt ../aoc-data/good/2018_17.txt
/bin/echo -n "haskell_2018_18: "
/usr/bin/time -p stack run aoc_2018_18 < ../aoc-data/input/2018_18.txt > out/haskell_2018_18.txt 2> out/haskell_time_2018_18.txt
grep real out/haskell_time_2018_18.txt | cut -c 14-
diff out/haskell_2018_18.txt ../aoc-data/good/2018_18.txt
/bin/echo -n "haskell_2018_20: "
/usr/bin/time -p stack run aoc_2018_20 < ../aoc-data/input/2018_20.txt > out/haskell_2018_20.txt 2> out/haskell_time_2018_20.txt
grep real out/haskell_time_2018_20.txt | cut -c 14-
diff out/haskell_2018_20.txt ../aoc-data/good/2018_20.txt
/bin/echo -n "haskell_2018_24: "
/usr/bin/time -p stack run aoc_2018_24 < ../aoc-data/input/2018_24.txt > out/haskell_2018_24.txt 2> out/haskell_time_2018_24.txt
grep real out/haskell_time_2018_24.txt | cut -c 14-
diff out/haskell_2018_24.txt ../aoc-data/good/2018_24.txt
/bin/echo -n "python_2019_01: "
/usr/bin/time -p python python/aoc_2019_01.py < ../aoc-data/input/2019_01.txt > out/python_2019_01.txt 2> out/python_time_2019_01.txt
head -1 out/python_time_2019_01.txt | cut -c 14-
diff out/python_2019_01.txt ../aoc-data/good/2019_01.txt
/bin/echo -n "python_2019_02: "
/usr/bin/time -p python python/aoc_2019_02.py < ../aoc-data/input/2019_02.txt > out/python_2019_02.txt 2> out/python_time_2019_02.txt
head -1 out/python_time_2019_02.txt | cut -c 14-
diff out/python_2019_02.txt ../aoc-data/good/2019_02.txt
/bin/echo -n "python_2019_03: "
/usr/bin/time -p python python/aoc_2019_03.py < ../aoc-data/input/2019_03.txt > out/python_2019_03.txt 2> out/python_time_2019_03.txt
head -1 out/python_time_2019_03.txt | cut -c 14-
diff out/python_2019_03.txt ../aoc-data/good/2019_03.txt
 
/bin/echo -n "python_2019_04: "
/usr/bin/time -p python python/aoc_2019_04.py < ../aoc-data/input/2019_04.txt > out/python_2019_04.txt 2> out/python_time_2019_04.txt
head -1 out/python_time_2019_04.txt | cut -c 14-
diff out/python_2019_04.txt ../aoc-data/good/2019_04.txt
/bin/echo -n "python_2019_05: "
/usr/bin/time -p python python/aoc_2019_05.py < ../aoc-data/input/2019_05.txt > out/python_2019_05.txt 2> out/python_time_2019_05.txt
head -1 out/python_time_2019_05.txt | cut -c 14-
diff out/python_2019_05.txt ../aoc-data/good/2019_05.txt
/bin/echo -n "python_2019_06: "
/usr/bin/time -p python python/aoc_2019_06.py < ../aoc-data/input/2019_06.txt > out/python_2019_06.txt 2> out/python_time_2019_06.txt
head -1 out/python_time_2019_06.txt | cut -c 14-
diff out/python_2019_06.txt ../aoc-data/good/2019_06.txt
/bin/echo -n "python_2019_07: "
/usr/bin/time -p python python/aoc_2019_07.py < ../aoc-data/input/2019_07.txt > out/python_2019_07.txt 2> out/python_time_2019_07.txt
head -1 out/python_time_2019_07.txt | cut -c 14-
diff out/python_2019_07.txt ../aoc-data/good/2019_07.txt
/bin/echo -n "python_2019_08: "
/usr/bin/time -p python python/aoc_2019_08.py < ../aoc-data/input/2019_08.txt > out/python_2019_08.txt 2> out/python_time_2019_08.txt
head -1 out/python_time_2019_08.txt | cut -c 14-
diff out/python_2019_08.txt ../aoc-data/good/2019_08.txt
/bin/echo -n "python_2019_09: "
/usr/bin/time -p python python/aoc_2019_09.py < ../aoc-data/input/2019_09.txt > out/python_2019_09.txt 2> out/python_time_2019_09.txt
head -1 out/python_time_2019_09.txt | cut -c 14-
diff out/python_2019_09.txt ../aoc-data/good/2019_09.txt
/bin/echo -n "python_2019_10: "
/usr/bin/time -p python python/aoc_2019_10.py < ../aoc-data/input/2019_10.txt > out/python_2019_10.txt 2> out/python_time_2019_10.txt
head -1 out/python_time_2019_10.txt | cut -c 14-
diff out/python_2019_10.txt ../aoc-data/good/2019_10.txt
/bin/echo -n "python_2019_11: "
/usr/bin/time -p python python/aoc_2019_11.py < ../aoc-data/input/2019_11.txt > out/python_2019_11.txt 2> out/python_time_2019_11.txt
head -1 out/python_time_2019_11.txt | cut -c 14-
diff out/python_2019_11.txt ../aoc-data/good/2019_11.txt
/bin/echo -n "python_2019_13: "
/usr/bin/time -p python python/aoc_2019_13.py < ../aoc-data/input/2019_13.txt > out/python_2019_13.txt 2> out/python_time_2019_13.txt
 
head -1 out/python_time_2019_13.txt | cut -c 14-
diff out/python_2019_13.txt ../aoc-data/good/2019_13.txt
/bin/echo -n "python_2019_14: "
/usr/bin/time -p python python/aoc_2019_14.py < ../aoc-data/input/2019_14.txt > out/python_2019_14.txt 2> out/python_time_2019_14.txt
head -1 out/python_time_2019_14.txt | cut -c 14-
diff out/python_2019_14.txt ../aoc-data/good/2019_14.txt
/bin/echo -n "python_2019_15: "
/usr/bin/time -p python python/aoc_2019_15.py < ../aoc-data/input/2019_15.txt > out/python_2019_15.txt 2> out/python_time_2019_15.txt
head -1 out/python_time_2019_15.txt | cut -c 14-
diff out/python_2019_15.txt ../aoc-data/good/2019_15.txt
/bin/echo -n "python_2020_01: "
/usr/bin/time -p python python/aoc_2020_01.py < ../aoc-data/input/2020_01.txt > out/python_2020_01.txt 2> out/python_time_2020_01.txt
head -1 out/python_time_2020_01.txt | cut -c 14-
diff out/python_2020_01.txt ../aoc-data/good/2020_01.txt
/bin/echo -n "python_2020_02: "
/usr/bin/time -p python python/aoc_2020_02.py < ../aoc-data/input/2020_02.txt > out/python_2020_02.txt 2> out/python_time_2020_02.txt
head -1 out/python_time_2020_02.txt | cut -c 14-
diff out/python_2020_02.txt ../aoc-data/good/2020_02.txt
/bin/echo -n "python_2020_03: "
/usr/bin/time -p python python/aoc_2020_03.py < ../aoc-data/input/2020_03.txt > out/python_2020_03.txt 2> out/python_time_2020_03.txt
head -1 out/python_time_2020_03.txt | cut -c 14-
diff out/python_2020_03.txt ../aoc-data/good/2020_03.txt
/bin/echo -n "python_2020_04: "
/usr/bin/time -p python python/aoc_2020_04.py < ../aoc-data/input/2020_04.txt > out/python_2020_04.txt 2> out/python_time_2020_04.txt
head -1 out/python_time_2020_04.txt | cut -c 14-
diff out/python_2020_04.txt ../aoc-data/good/2020_04.txt
/bin/echo -n "python_2020_05: "
/usr/bin/time -p python python/aoc_2020_05.py < ../aoc-data/input/2020_05.txt > out/python_2020_05.txt 2> out/python_time_2020_05.txt
head -1 out/python_time_2020_05.txt | cut -c 14-
diff out/python_2020_05.txt ../aoc-data/good/2020_05.txt
/bin/echo -n "python_2020_06: "
/usr/bin/time -p python python/aoc_2020_06.py < ../aoc-data/input/2020_06.txt > out/python_2020_06.txt 2> out/python_time_2020_06.txt
head -1 out/python_time_2020_06.txt | cut -c 14-
diff out/python_2020_06.txt ../aoc-data/good/2020_06.txt
/bin/echo -n "python_2020_07: "
/usr/bin/time -p python python/aoc_2020_07.py < ../aoc-data/input/2020_07.txt > out/python_2020_07.txt 2> out/python_time_2020_07.txt
head -1 out/python_time_2020_07.txt | cut -c 14-
diff out/python_2020_07.txt ../aoc-data/good/2020_07.txt
/bin/echo -n "python_2020_08: "
/usr/bin/time -p python python/aoc_2020_08.py < ../aoc-data/input/2020_08.txt > out/python_2020_08.txt 2> out/python_time_2020_08.txt
head -1 out/python_time_2020_08.txt | cut -c 14-
diff out/python_2020_08.txt ../aoc-data/good/2020_08.txt
/bin/echo -n "python_2020_09: "
/usr/bin/time -p python python/aoc_2020_09.py < ../aoc-data/input/2020_09.txt > out/python_2020_09.txt 2> out/python_time_2020_09.txt
head -1 out/python_time_2020_09.txt | cut -c 14-
diff out/python_2020_09.txt ../aoc-data/good/2020_09.txt
/bin/echo -n "python_2020_10: "
/usr/bin/time -p python python/aoc_2020_10.py < ../aoc-data/input/2020_10.txt > out/python_2020_10.txt 2> out/python_time_2020_10.txt
head -1 out/python_time_2020_10.txt | cut -c 14-
diff out/python_2020_10.txt ../aoc-data/good/2020_10.txt
/bin/echo -n "python_2020_11: "
/usr/bin/time -p python python/aoc_2020_11.py < ../aoc-data/input/2020_11.txt > out/python_2020_11.txt 2> out/python_time_2020_11.txt
head -1 out/python_time_2020_11.txt | cut -c 14-
diff out/python_2020_11.txt ../aoc-data/good/2020_11.txt
 
/bin/echo -n "python_2020_12: "
/usr/bin/time -p python python/aoc_2020_12.py < ../aoc-data/input/2020_12.txt > out/python_2020_12.txt 2> out/python_time_2020_12.txt
head -1 out/python_time_2020_12.txt | cut -c 14-
diff out/python_2020_12.txt ../aoc-data/good/2020_12.txt
/bin/echo -n "python_2020_13: "
/usr/bin/time -p python python/aoc_2020_13.py < ../aoc-data/input/2020_13.txt > out/python_2020_13.txt 2> out/python_time_2020_13.txt
head -1 out/python_time_2020_13.txt | cut -c 14-
diff out/python_2020_13.txt ../aoc-data/good/2020_13.txt
/bin/echo -n "python_2020_14: "
/usr/bin/time -p python python/aoc_2020_14.py < ../aoc-data/input/2020_14.txt > out/python_2020_14.txt 2> out/python_time_2020_14.txt
head -1 out/python_time_2020_14.txt | cut -c 14-
diff out/python_2020_14.txt ../aoc-data/good/2020_14.txt
/bin/echo -n "python_2020_15: "
/usr/bin/time -p python python/aoc_2020_15.py < ../aoc-data/input/2020_15.txt > out/python_2020_15.txt 2> out/python_time_2020_15.txt
head -1 out/python_time_2020_15.txt | cut -c 14-
diff out/python_2020_15.txt ../aoc-data/good/2020_15.txt
/bin/echo -n "python_2020_16: "
/usr/bin/time -p python python/aoc_2020_16.py < ../aoc-data/input/2020_16.txt > out/python_2020_16.txt 2> out/python_time_2020_16.txt
head -1 out/python_time_2020_16.txt | cut -c 14-
diff out/python_2020_16.txt ../aoc-data/good/2020_16.txt
/bin/echo -n "python_2020_17: "
/usr/bin/time -p python python/aoc_2020_17.py < ../aoc-data/input/2020_17.txt > out/python_2020_17.txt 2> out/python_time_2020_17.txt
head -1 out/python_time_2020_17.txt | cut -c 14-
diff out/python_2020_17.txt ../aoc-data/good/2020_17.txt
 
/bin/echo -n "python_2020_18: "
/usr/bin/time -p python python/aoc_2020_18.py < ../aoc-data/input/2020_18.txt > out/python_2020_18.txt 2> out/python_time_2020_18.txt
head -1 out/python_time_2020_18.txt | cut -c 14-
diff out/python_2020_18.txt ../aoc-data/good/2020_18.txt
/bin/echo -n "python_2020_19: "
/usr/bin/time -p python python/aoc_2020_19.py < ../aoc-data/input/2020_19.txt > out/python_2020_19.txt 2> out/python_time_2020_19.txt
head -1 out/python_time_2020_19.txt | cut -c 14-
diff out/python_2020_19.txt ../aoc-data/good/2020_19.txt
/bin/echo -n "python_2020_20: "
/usr/bin/time -p python python/aoc_2020_20.py < ../aoc-data/input/2020_20.txt > out/python_2020_20.txt 2> out/python_time_2020_20.txt
head -1 out/python_time_2020_20.txt | cut -c 14-
diff out/python_2020_20.txt ../aoc-data/good/2020_20.txt
/bin/echo -n "python_2020_21: "
/usr/bin/time -p python python/aoc_2020_21.py < ../aoc-data/input/2020_21.txt > out/python_2020_21.txt 2> out/python_time_2020_21.txt
head -1 out/python_time_2020_21.txt | cut -c 14-
diff out/python_2020_21.txt ../aoc-data/good/2020_21.txt
/bin/echo -n "python_2020_22: "
/usr/bin/time -p python python/aoc_2020_22.py < ../aoc-data/input/2020_22.txt > out/python_2020_22.txt 2> out/python_time_2020_22.txt
head -1 out/python_time_2020_22.txt | cut -c 14-
diff out/python_2020_22.txt ../aoc-data/good/2020_22.txt
/bin/echo -n "python_2020_23: "
/usr/bin/time -p python python/aoc_2020_23.py < ../aoc-data/input/2020_23.txt > out/python_2020_23.txt 2> out/python_time_2020_23.txt
head -1 out/python_time_2020_23.txt | cut -c 14-
diff out/python_2020_23.txt ../aoc-data/good/2020_23.txt
/bin/echo -n "python_2020_24: "
/usr/bin/time -p python python/aoc_2020_24.py < ../aoc-data/input/2020_24.txt > out/python_2020_24.txt 2> out/python_time_2020_24.txt
head -1 out/python_time_2020_24.txt | cut -c 14-
diff out/python_2020_24.txt ../aoc-data/good/2020_24.txt
/bin/echo -n "python_2020_25: "
/usr/bin/time -p python python/aoc_2020_25.py < ../aoc-data/input/2020_25.txt > out/python_2020_25.txt 2> out/python_time_2020_25.txt
head -1 out/python_time_2020_25.txt | cut -c 14-
diff out/python_2020_25.txt ../aoc-data/good/2020_25.txt
make: Leaving directory `/Users/joe/Projects/aoc-code'
 
