make all --print-data-base --no-builtin-variables --no-builtin-rules --question
# GNU Make 3.81
# Copyright (C) 2006  Free Software Foundation, Inc.
# This is free software; see the source for copying conditions.
# There is NO warranty; not even for MERCHANTABILITY or FITNESS FOR A
# PARTICULAR PURPOSE.

# This program built for i386-apple-darwin11.3.0
 

# Make data base, printed on Sat Oct 23 17:13:33 2021

# Variables

# automatic
<D = $(patsubst %/,%,$(dir $<))
# automatic
?F = $(notdir $?)
# environment
ELECTRON_NO_ATTACH_CONSOLE = 1
# environment
LC_CTYPE = UTF-8
# environment
VSCODE_LOG_NATIVE = false
# automatic
?D = $(patsubst %/,%,$(dir $?))
# automatic
@D = $(patsubst %/,%,$(dir $@))
# automatic
@F = $(notdir $@)
# makefile
CURDIR := /Users/joe/Projects/aoc-code
# makefile
SHELL = /bin/sh
# environment
VSCODE_NLS_CONFIG = {"locale":"en-gb","availableLanguages":{},"_languagePackSupport":true}
# environment
_ = /usr/bin/make
# makefile (from `Makefile', line 1)
MAKEFILE_LIST :=  Makefile
# environment
VSCODE_VERBOSE_LOGGING = true
# environment
__CFBundleIdentifier = com.microsoft.VSCode
# environment
VSCODE_IPC_HOOK_EXTHOST = /var/folders/vh/37yd_chn16d_fr1j9w36_l_m0000gn/T/vscode-ipc-6144a8e6-e829-4fab-b869-af7cc6139de0.sock
# environment
VSCODE_CWD = /Users/joe/Projects/aoc-code
# environment
PATH = /Users/joe/Projects/lox/.venv/bin:/Users/joe/.local/bin:/usr/local/bin:/usr/local/sbin:/usr/bin:/bin:/usr/sbin:/sbin:/Applications/Visual Studio Code.app/Contents/Resources/app/bin
# environment
LSCOLORS = Gxfxcxdxbxegedabagacad
# environment
VIRTUAL_ENV = /Users/joe/Projects/lox/.venv
# environment
LaunchInstanceID = FCEAB030-0DB7-44A0-B615-DA6BACC61F07
# environment
VSCODE_LOG_STACK = false
# environment
ELECTRON_RUN_AS_NODE = 1
# default
.FEATURES := target-specific order-only second-expansion else-if archives jobserver check-symlink
# environment
SSH_AUTH_SOCK = /private/tmp/com.apple.launchd.LYBORdkGvk/Listeners
# automatic
%F = $(notdir $%)
# environment
VSCODE_PIPE_LOGGING = true
# environment
PWD = /Users/joe/Projects/aoc-code
# environment
ERL_AFLAGS = -kernel shell_history enabled
# environment
 
ORIGINAL_XDG_CURRENT_DESKTOP = undefined
# environment
VSCODE_AMD_ENTRYPOINT = vs/workbench/services/extensions/node/extensionHostProcess
# environment
HOME = /Users/joe
# default
MAKEFILEPATH := /Applications/Xcode.app/Contents/Developer/Makefiles
# environment
VSCODE_CLI = 1
# environment
VSCODE_CODE_CACHE_PATH = /Users/joe/Library/Application Support/Code/CachedData/6cba118ac49a1b88332f312a8f67186f7f3c1643
# environment
LOGNAME = joe
# environment
APPLICATION_INSIGHTS_NO_DIAGNOSTIC_CHANNEL = true
# environment
ZSH = /Users/joe/.oh-my-zsh
# environment
VSCODE_HANDLES_UNCAUGHT_ERRORS = true
# automatic
^D = $(patsubst %/,%,$(dir $^))
# environment
XPC_FLAGS = 0x0
# environment
COLORTERM = truecolor
# default
MAKE = $(MAKE_COMMAND)
# environment
LC_TERMINAL = iTerm2
# environment
SHLVL = 3
# default
MAKE_VERSION := 3.81
# environment
USER = joe
# makefile
.DEFAULT_GOAL := all
# default
MAKECMDGOALS := all
# environment
TERM_SESSION_ID = w0t0p0:A50E1A9E-C6C8-47A0-B494-D6F3B02E9E95
# environment
LESS = -R
# automatic
%D = $(patsubst %/,%,$(dir $%))
# makefile (from `Makefile', line 22)
OUT_DIR = out
# default
MAKE_COMMAND := /Applications/Xcode.app/Contents/Developer/usr/bin/make
# environment
TERM_PROGRAM = iTerm.app
# default
.VARIABLES := 
# environment
TMPDIR = /var/folders/vh/37yd_chn16d_fr1j9w36_l_m0000gn/T/
# automatic
*F = $(notdir $*)
# environment
VSCODE_IPC_HOOK = /Users/joe/Library/Application Support/Code/1.61.2-main.sock
# makefile
MAKEFLAGS = Rrqp
# environment
PROMPT = %(!.%{$fg[red]%}.%{$fg[green]%})%~%{$fg_bold[blue]%}$(git_prompt_info)%{$reset_color%} 
# environment
MFLAGS = -Rrqp
# automatic
*D = $(patsubst %/,%,$(dir $*))
# environment
TERM_PROGRAM_VERSION = 3.4.10
# environment
XPC_SERVICE_NAME = application.com.microsoft.VSCode.76254970.76254976.C7B57564-FC5C-4DEB-8985-A191C05CE719
# environment
LC_TERMINAL_VERSION = 3.4.10
# automatic
+D = $(patsubst %/,%,$(dir $+))
# automatic
+F = $(notdir $+)
# environment
ITERM_SESSION_ID = w0t0p0:A50E1A9E-C6C8-47A0-B494-D6F3B02E9E95
# environment
COLORFGBG = 15;0
# environment
__CF_USER_TEXT_ENCODING = 0x1F5:0x0:0x2
# environment
COMMAND_MODE = unix2003
# default
MAKEFILES := 
# automatic
<F = $(notdir $<)
# environment
ITERM_PROFILE = Default
# environment
PAGER = less
# environment
LC_ALL = C
# environment
SECURITYSESSIONID = 186aa
# automatic
^F = $(notdir $^)
# default
SUFFIXES := 
# default
.INCLUDE_DIRS = /usr/local/include
# environment
MAKELEVEL := 0
# environment
LANG = C
# environment
UNMODIFIED_PROMPT = %(!.%{$fg[red]%}.%{$fg[green]%})%~%{$fg_bold[blue]%}$(git_prompt_info)%{$reset_color%} 
# environment
TERM = xterm-256color
# environment
VSCODE_PID = 53508
# environment
JW_HOST = home
# variable set hash-table stats:
 
# Load=87/1024=8%, Rehash=0, Collisions=4/120=3%

# Pattern-specific Variable Values

# No pattern-specific variable values.

# Directories

# . (device 16777223, inode 40113912): 22 files, no impossibilities.

# 22 files, no impossibilities in 1 directories.

# Implicit Rules

python_%: | out
#  commands to execute (from `Makefile', line 26):
	@/bin/echo -n "$@: "
	@/usr/bin/time -p python python/aoc_$*.py < ../aoc-data/input/$*.txt > $(OUT_DIR)/python_$*.txt 2> $(OUT_DIR)/python_time_$*.txt
	@head -1 $(OUT_DIR)/python_time_$*.txt | cut -c 14-
	@diff $(OUT_DIR)/python_$*.txt ../aoc-data/good/$*.txt
	

haskell_%: | out
#  commands to execute (from `Makefile', line 33):
	@/bin/echo -n "$@: "
	@/usr/bin/time -p stack run aoc_$* < ../aoc-data/input/$*.txt > $(OUT_DIR)/haskell_$*.txt 2> $(OUT_DIR)/haskell_time_$*.txt
	@grep real $(OUT_DIR)/haskell_time_$*.txt | cut -c 14-
	@diff $(OUT_DIR)/haskell_$*.txt ../aoc-data/good/$*.txt
	

# 2 implicit rules, 0 (0.0%) terminal.

# Files

# Not a target:
python_2020_20:
#  Implicit rule search has not been done.
#  Modification time never checked.
#  File has not been updated.

# Not a target:
python_2020_18:
#  Implicit rule search has not been done.
#  Modification time never checked.
#  File has not been updated.

# Not a target:
python_2019_06:
#  Implicit rule search has not been done.
#  Modification time never checked.
#  File has not been updated.

# Not a target:
python_2019_07:
#  Implicit rule search has not been done.
#  Modification time never checked.
#  File has not been updated.

# Not a target:
python_2019_08:
#  Implicit rule search has not been done.
#  Modification time never checked.
#  File has not been updated.

# Not a target:
python_2019_09:
#  Implicit rule search has not been done.
#  Modification time never checked.
#  File has not been updated.

# Not a target:
python_2020_21:
#  Implicit rule search has not been done.
#  Modification time never checked.
#  File has not been updated.

# Not a target:
python_2020_03:
#  Implicit rule search has not been done.
#  Modification time never checked.
#  File has not been updated.

# Not a target:
haskell_2018_14:
#  Implicit rule search has not been done.
#  Modification time never checked.
#  File has not been updated.

all: aoc_2018 aoc_2019 aoc_2020
#  Command-line target.
#  Implicit rule search has been done.
#  File does not exist.
#  File has been updated.
#  Needs to be updated (-q is set).
# variable set hash-table stats:
# Load=0/32=0%, Rehash=0, Collisions=0/6=0%

python-check:
#  Implicit rule search has not been done.
#  Modification time never checked.
#  File has not been updated.
#  commands to execute (from `Makefile', line 44):
	black --quiet python/
	flake8 python/
	mypy python/
	

# Not a target:
python_2019_01:
#  Implicit rule search has not been done.
#  Modification time never checked.
#  File has not been updated.

# Not a target:
python_2020_22:
#  Implicit rule search has not been done.
#  Modification time never checked.
#  File has not been updated.

# Not a target:
python_2020_13:
#  Implicit rule search has not been done.
#  Modification time never checked.
#  File has not been updated.

# Not a target:
python_2019_10:
#  Implicit rule search has not been done.
#  Modification time never checked.
#  File has not been updated.

# Not a target:
python_2020_05:
#  Implicit rule search has not been done.
#  Modification time never checked.
#  File has not been updated.

# Not a target:
python_2019_11:
#  Implicit rule search has not been done.
#  Modification time never checked.
#  File has not been updated.

# Not a target:
haskell_2018_06:
#  Implicit rule search has not been done.
#  Modification time never checked.
#  File has not been updated.

# Not a target:
haskell_2018_07:
#  Implicit rule search has not been done.
#  Modification time never checked.
#  File has not been updated.

# Not a target:
haskell_2018_08:
#  Implicit rule search has not been done.
#  Modification time never checked.
#  File has not been updated.

# Not a target:
haskell_2018_09:
#  Implicit rule search has not been done.
#  Modification time never checked.
#  File has not been updated.

# Not a target:
python_2019_02:
#  Implicit rule search has not been done.
#  Modification time never checked.
#  File has not been updated.

# Not a target:
haskell_2018_11:
#  Implicit rule search has not been done.
#  Modification time never checked.
#  File has not been updated.

# Not a target:
.SUFFIXES:
#  Implicit rule search has not been done.
#  Modification time never checked.
#  File has not been updated.

# Not a target:
haskell_2018_24:
#  Implicit rule search has not been done.
#  Modification time never checked.
#  File has not been updated.

# Not a target:
Makefile:
#  Implicit rule search has been done.
#  Last modified 2021-01-02 23:16:30
#  File has been updated.
#  Successfully updated.
# variable set hash-table stats:
# Load=0/32=0%, Rehash=0, Collisions=0/0=0%

# Not a target:
python_2020_19:
#  Implicit rule search has not been done.
#  Modification time never checked.
#  File has not been updated.

haskell_2018_01: | out
#  Implicit rule search has been done.
#  Implicit/static pattern stem: `2018_01'
#  File does not exist.
#  File has been updated.
#  Needs to be updated (-q is set).
# automatic
# @ := haskell_2018_01
# automatic
# % := 
# automatic
# * := 2018_01
# automatic
# + := 
# automatic
# | := out
# automatic
# < := 
# automatic
# ^ := 
# automatic
# ? := 
# variable set hash-table stats:
# Load=8/32=25%, Rehash=0, Collisions=1/22=5%
#  commands to execute (from `Makefile', line 33):
	@/bin/echo -n "$@: "
	@/usr/bin/time -p stack run aoc_$* < ../aoc-data/input/$*.txt > $(OUT_DIR)/haskell_$*.txt 2> $(OUT_DIR)/haskell_time_$*.txt
	@grep real $(OUT_DIR)/haskell_time_$*.txt | cut -c 14-
	@diff $(OUT_DIR)/haskell_$*.txt ../aoc-data/good/$*.txt
	

# Not a target:
python_2020_15:
#  Implicit rule search has not been done.
#  Modification time never checked.
#  File has not been updated.

# Not a target:
haskell_2018_10:
#  Implicit rule search has not been done.
#  Modification time never checked.
#  File has not been updated.

# Not a target:
python_2020_23:
#  Implicit rule search has not been done.
#  Modification time never checked.
#  File has not been updated.

# Not a target:
haskell_2018_16:
#  Implicit rule search has not been done.
#  Modification time never checked.
#  File has not been updated.

# Not a target:
haskell_2018_02:
#  Implicit rule search has not been done.
#  Modification time never checked.
#  File has not been updated.

out:
#  Implicit rule search has not been done.
#  Last modified 2021-01-23 20:39:08
#  File has been updated.
#  Successfully updated.
#  commands to execute (from `Makefile', line 39):
	mkdir -p $(OUT_DIR)
	

# Not a target:
python_2019_03:
#  Implicit rule search has not been done.
#  Modification time never checked.
#  File has not been updated.

# Not a target:
haskell_2018_17:
#  Implicit rule search has not been done.
#  Modification time never checked.
#  File has not been updated.

# Not a target:
python_2020_04:
#  Implicit rule search has not been done.
#  Modification time never checked.
#  File has not been updated.

# Not a target:
python_2019_13:
#  Implicit rule search has not been done.
#  Modification time never checked.
#  File has not been updated.

# Not a target:
python_2020_25:
#  Implicit rule search has not been done.
#  Modification time never checked.
#  File has not been updated.

# Not a target:
haskell_2018_20:
#  Implicit rule search has not been done.
#  Modification time never checked.
#  File has not been updated.

# Not a target:
python_2020_14:
#  Implicit rule search has not been done.
#  Modification time never checked.
#  File has not been updated.

haskell-check:
#  Implicit rule search has not been done.
#  Modification time never checked.
#  File has not been updated.
#  commands to execute (from `Makefile', line 49):
	hlint haskell/
	

# Not a target:
haskell_2018_18:
#  Implicit rule search has not been done.
#  Modification time never checked.
#  File has not been updated.

 
aoc_2020: python_2020_01 python_2020_02 python_2020_03 python_2020_04 python_2020_05 python_2020_06 python_2020_07 python_2020_08 python_2020_09 python_2020_10 python_2020_11 python_2020_12 python_2020_13 python_2020_14 python_2020_15 python_2020_16 python_2020_17 python_2020_18 python_2020_19 python_2020_20 python_2020_21 python_2020_22 python_2020_23 python_2020_24 python_2020_25
#  Implicit rule search has not been done.
#  Modification time never checked.
#  File has not been updated.

# Not a target:
haskell_2018_03:
#  Implicit rule search has not been done.
#  Modification time never checked.
#  File has not been updated.

# Not a target:
.DEFAULT:
#  Implicit rule search has not been done.
#  Modification time never checked.
#  File has not been updated.

# Not a target:
python_2019_15:
#  Implicit rule search has not been done.
#  Modification time never checked.
#  File has not been updated.

clean:
#  Implicit rule search has not been done.
#  Modification time never checked.
#  File has not been updated.
#  commands to execute (from `Makefile', line 52):
	-rm -f out/*
	

aoc_2018: haskell_2018_01 haskell_2018_02 haskell_2018_03 haskell_2018_04 haskell_2018_05 haskell_2018_06 haskell_2018_07 haskell_2018_08 haskell_2018_09 haskell_2018_10 haskell_2018_11 haskell_2018_13 haskell_2018_14 haskell_2018_15 haskell_2018_16 haskell_2018_17 haskell_2018_18 haskell_2018_20 haskell_2018_24
#  Implicit rule search has been done.
#  File does not exist.
#  File has been updated.
#  Needs to be updated (-q is set).
# variable set hash-table stats:
# Load=0/32=0%, Rehash=0, Collisions=0/6=0%

# Not a target:
haskell_2018_13:
#  Implicit rule search has not been done.
#  Modification time never checked.
#  File has not been updated.

# Not a target:
python_2020_06:
#  Implicit rule search has not been done.
#  Modification time never checked.
#  File has not been updated.

# Not a target:
python_2020_07:
#  Implicit rule search has not been done.
#  Modification time never checked.
#  File has not been updated.

# Not a target:
python_2020_08:
#  Implicit rule search has not been done.
#  Modification time never checked.
#  File has not been updated.

# Not a target:
python_2020_09:
#  Implicit rule search has not been done.
#  Modification time never checked.
#  File has not been updated.

# Not a target:
haskell_2018_05:
#  Implicit rule search has not been done.
#  Modification time never checked.
#  File has not been updated.

# Not a target:
python_2020_24:
#  Implicit rule search has not been done.
#  Modification time never checked.
#  File has not been updated.

# Not a target:
python_2020_11:
#  Implicit rule search has not been done.
#  Modification time never checked.
#  File has not been updated.

# Not a target:
python_2020_01:
#  Implicit rule search has not been done.
#  Modification time never checked.
#  File has not been updated.

# Not a target:
python_2019_04:
#  Implicit rule search has not been done.
#  Modification time never checked.
#  File has not been updated.

# Not a target:
python_2020_10:
#  Implicit rule search has not been done.
#  Modification time never checked.
#  File has not been updated.

# Not a target:
haskell_2018_15:
#  Implicit rule search has not been done.
#  Modification time never checked.
#  File has not been updated.

# Not a target:
python_2019_05:
#  Implicit rule search has not been done.
#  Modification time never checked.
#  File has not been updated.

# Not a target:
python_2020_16:
#  Implicit rule search has not been done.
#  Modification time never checked.
#  File has not been updated.

# Not a target:
python_2020_02:
#  Implicit rule search has not been done.
#  Modification time never checked.
#  File has not been updated.

check: python-check haskell-check
#  Implicit rule search has not been done.
#  Modification time never checked.
#  File has not been updated.

# Not a target:
python_2019_14:
#  Implicit rule search has not been done.
#  Modification time never checked.
#  File has not been updated.

# Not a target:
python_2020_17:
#  Implicit rule search has not been done.
#  Modification time never checked.
#  File has not been updated.

aoc_2019: python_2019_01 python_2019_02 python_2019_03 python_2019_04 python_2019_05 python_2019_06 python_2019_07 python_2019_08 python_2019_09 python_2019_10 python_2019_11 python_2019_13 python_2019_14 python_2019_15
#  Implicit rule search has not been done.
#  Modification time never checked.
#  File has not been updated.

# Not a target:
haskell_2018_04:
#  Implicit rule search has not been done.
#  Modification time never checked.
#  File has not been updated.

# Not a target:
python_2020_12:
#  Implicit rule search has not been done.
#  Modification time never checked.
#  File has not been updated.

# files hash-table stats:
# Load=70/1024=7%, Rehash=0, Collisions=11/149=7%
# VPATH Search Paths

# No `vpath' search paths.

# No general (`VPATH' variable) search path.

# # of strings in strcache: 1
# # of strcache buffers: 1
# strcache size: total = 4096 / max = 4096 / min = 4096 / avg = 4096
# strcache free: total = 4087 / max = 4087 / min = 4087 / avg = 4087

# Finished Make data base on Sat Oct 23 17:13:33 2021

 
